***********************************************************************************
Fecha / Hora : 2023/07/21 16:54:19
Conexion establecida
***********************************************************************************
Fecha / Hora : 2023/07/21 16:54:21
CLOSED
***********************************************************************************
Fecha / Hora : 2023/07/21 16:55:29
Conexion establecida
***********************************************************************************
Fecha / Hora : 2023/07/21 16:55:33
CLOSED
***********************************************************************************
Fecha / Hora : 2023/07/21 17:00:07
Conexion establecida
***********************************************************************************
Fecha / Hora : 2023/07/21 17:00:08
CLOSED
***********************************************************************************
Fecha / Hora : 2023/07/21 17:00:52
Conexion establecida
***********************************************************************************
Fecha / Hora : 2023/07/21 17:00:52
ERROR : 'NoneType' object has no attribute 'sock'
***********************************************************************************
Fecha / Hora : 2023/07/21 17:01:34
Conexion establecida
***********************************************************************************
Fecha / Hora : 2023/07/21 17:01:34
ERROR : 'NoneType' object has no attribute 'sock'
***********************************************************************************
Fecha / Hora : 2023/07/21 17:08:06
Conexion establecida
***********************************************************************************
Fecha / Hora : 2023/07/21 17:18:15
Conexion establecida
